2025-11-29 13:16:26,036 - [ERROR] - asyncio - Unclosed AIOKafkaProducer
producer: <aiokafka.producer.producer.AIOKafkaProducer object at 0x0000013D2280D010>
2025-11-29 13:16:34,032 - [ERROR] - asyncio - Unclosed AIOKafkaProducer
producer: <aiokafka.producer.producer.AIOKafkaProducer object at 0x000001635597D010>
2025-11-29 13:16:36,231 - [ERROR] - asyncio - Unclosed AIOKafkaProducer
producer: <aiokafka.producer.producer.AIOKafkaProducer object at 0x000001E176C6D010>
2025-11-29 13:16:39,762 - [ERROR] - asyncio - Unclosed AIOKafkaProducer
producer: <aiokafka.producer.producer.AIOKafkaProducer object at 0x00000240EB2BCEC0>
2025-11-29 13:16:47,668 - [ERROR] - asyncio - Unclosed AIOKafkaProducer
producer: <aiokafka.producer.producer.AIOKafkaProducer object at 0x000001411E8BD010>
2025-11-29 13:16:50,424 - [ERROR] - asyncio - Unclosed AIOKafkaProducer
producer: <aiokafka.producer.producer.AIOKafkaProducer object at 0x000001B1B07BD010>
2025-11-29 13:16:56,261 - [ERROR] - asyncio - Unclosed AIOKafkaProducer
producer: <aiokafka.producer.producer.AIOKafkaProducer object at 0x000002A30AE0D010>
2025-11-29 13:16:58,763 - [ERROR] - asyncio - Unclosed AIOKafkaProducer
producer: <aiokafka.producer.producer.AIOKafkaProducer object at 0x00000177E64BD010>
2025-11-29 13:17:05,637 - [ERROR] - asyncio - Unclosed AIOKafkaProducer
producer: <aiokafka.producer.producer.AIOKafkaProducer object at 0x0000020BE093D010>
2025-11-29 13:17:10,012 - [ERROR] - asyncio - Unclosed AIOKafkaProducer
producer: <aiokafka.producer.producer.AIOKafkaProducer object at 0x00000167EB38CEC0>
2025-11-29 13:17:28,565 - [ERROR] - asyncio - Unclosed AIOKafkaProducer
producer: <aiokafka.producer.producer.AIOKafkaProducer object at 0x00000190D32ECEC0>
2025-11-29 13:17:30,580 - [ERROR] - asyncio - Unclosed AIOKafkaProducer
producer: <aiokafka.producer.producer.AIOKafkaProducer object at 0x0000026EB87AD010>
2025-11-29 13:17:38,437 - [ERROR] - asyncio - Unclosed AIOKafkaProducer
producer: <aiokafka.producer.producer.AIOKafkaProducer object at 0x000001DF67D7CEC0>
2025-11-29 13:18:17,172 - [ERROR] - asyncio - Unclosed AIOKafkaProducer
producer: <aiokafka.producer.producer.AIOKafkaProducer object at 0x00000179B728D010>
2025-11-29 13:18:20,995 - [ERROR] - asyncio - Unclosed AIOKafkaProducer
producer: <aiokafka.producer.producer.AIOKafkaProducer object at 0x0000020EFDD3D010>
2025-11-29 13:18:26,798 - [ERROR] - asyncio - Unclosed AIOKafkaProducer
producer: <aiokafka.producer.producer.AIOKafkaProducer object at 0x0000021D450CD010>
2025-11-29 13:18:33,890 - [ERROR] - asyncio - Unclosed AIOKafkaProducer
producer: <aiokafka.producer.producer.AIOKafkaProducer object at 0x000002BF569AD010>
2025-11-29 13:18:45,384 - [ERROR] - asyncio - Unclosed AIOKafkaProducer
producer: <aiokafka.producer.producer.AIOKafkaProducer object at 0x000001A92912D010>
2025-11-29 13:19:02,199 - [ERROR] - asyncio - Unclosed AIOKafkaProducer
producer: <aiokafka.producer.producer.AIOKafkaProducer object at 0x000001C52306D010>
2025-11-29 13:19:07,907 - [ERROR] - asyncio - Unclosed AIOKafkaProducer
producer: <aiokafka.producer.producer.AIOKafkaProducer object at 0x0000021EAD4DD010>
2025-11-29 13:25:05,307 - [ERROR] - asyncio - Unclosed AIOKafkaProducer
producer: <aiokafka.producer.producer.AIOKafkaProducer object at 0x00000261F19AD010>
2025-11-29 13:25:09,540 - [ERROR] - asyncio - Unclosed AIOKafkaProducer
producer: <aiokafka.producer.producer.AIOKafkaProducer object at 0x000001E28ADFCEC0>
2025-11-29 13:26:16,473 - [ERROR] - asyncio - Unclosed AIOKafkaProducer
producer: <aiokafka.producer.producer.AIOKafkaProducer object at 0x000001D3FE0CCEC0>
2025-11-29 13:26:46,827 - [ERROR] - asyncio - Unclosed AIOKafkaProducer
producer: <aiokafka.producer.producer.AIOKafkaProducer object at 0x000002BAD7B0CEC0>
2025-11-29 13:26:55,010 - [ERROR] - asyncio - Unclosed AIOKafkaProducer
producer: <aiokafka.producer.producer.AIOKafkaProducer object at 0x00000207A54BD010>
2025-11-29 13:27:00,163 - [ERROR] - asyncio - Unclosed AIOKafkaProducer
producer: <aiokafka.producer.producer.AIOKafkaProducer object at 0x0000016A6FD6D010>
2025-11-29 13:27:02,471 - [ERROR] - asyncio - Unclosed AIOKafkaProducer
producer: <aiokafka.producer.producer.AIOKafkaProducer object at 0x000002C823A8D010>
2025-11-29 13:27:33,670 - [ERROR] - asyncio - Unclosed AIOKafkaProducer
producer: <aiokafka.producer.producer.AIOKafkaProducer object at 0x00000280313AD010>
2025-11-29 13:27:39,858 - [ERROR] - asyncio - Unclosed AIOKafkaProducer
producer: <aiokafka.producer.producer.AIOKafkaProducer object at 0x0000023920AFD010>
2025-11-29 13:27:43,958 - [ERROR] - asyncio - Unclosed AIOKafkaProducer
producer: <aiokafka.producer.producer.AIOKafkaProducer object at 0x000002119CB7D010>
2025-11-29 13:27:59,070 - [ERROR] - asyncio - Unclosed AIOKafkaProducer
producer: <aiokafka.producer.producer.AIOKafkaProducer object at 0x000002109E67D010>
2025-11-29 13:28:03,291 - [ERROR] - asyncio - Unclosed AIOKafkaProducer
producer: <aiokafka.producer.producer.AIOKafkaProducer object at 0x0000021DB4B7D010>
2025-11-29 13:29:13,832 - [ERROR] - asyncio - Unclosed AIOKafkaProducer
producer: <aiokafka.producer.producer.AIOKafkaProducer object at 0x0000020A8230D010>
2025-11-29 13:29:20,814 - [ERROR] - asyncio - Unclosed AIOKafkaProducer
producer: <aiokafka.producer.producer.AIOKafkaProducer object at 0x0000013D2332D010>
2025-11-29 13:29:41,041 - [ERROR] - asyncio - Unclosed AIOKafkaProducer
producer: <aiokafka.producer.producer.AIOKafkaProducer object at 0x000001E4CCECD010>
2025-11-29 13:29:47,885 - [ERROR] - asyncio - Unclosed AIOKafkaProducer
producer: <aiokafka.producer.producer.AIOKafkaProducer object at 0x00000189E8F3D010>
2025-11-29 13:29:53,206 - [ERROR] - asyncio - Unclosed AIOKafkaProducer
producer: <aiokafka.producer.producer.AIOKafkaProducer object at 0x00000214AAA8D010>
2025-11-29 13:32:04,765 - [ERROR] - asyncio - Unclosed AIOKafkaProducer
producer: <aiokafka.producer.producer.AIOKafkaProducer object at 0x000001DEC211D010>
2025-11-29 13:32:07,365 - [ERROR] - asyncio - Unclosed AIOKafkaProducer
producer: <aiokafka.producer.producer.AIOKafkaProducer object at 0x000001D30F320EC0>
2025-11-29 13:32:09,185 - [ERROR] - asyncio - Unclosed AIOKafkaProducer
producer: <aiokafka.producer.producer.AIOKafkaProducer object at 0x00000230FB2F0EC0>
2025-11-29 13:32:11,381 - [ERROR] - asyncio - Unclosed AIOKafkaProducer
producer: <aiokafka.producer.producer.AIOKafkaProducer object at 0x000001BE750ECEC0>
2025-11-29 13:32:13,150 - [ERROR] - asyncio - Unclosed AIOKafkaProducer
producer: <aiokafka.producer.producer.AIOKafkaProducer object at 0x000001AD17520EC0>
2025-11-29 13:32:16,949 - [ERROR] - asyncio - Unclosed AIOKafkaProducer
producer: <aiokafka.producer.producer.AIOKafkaProducer object at 0x000002AEDA6FCEC0>
2025-11-29 13:32:34,554 - [ERROR] - asyncio - Unclosed AIOKafkaProducer
producer: <aiokafka.producer.producer.AIOKafkaProducer object at 0x00000267F7000EC0>
2025-11-29 13:32:39,252 - [ERROR] - asyncio - Unclosed AIOKafkaProducer
producer: <aiokafka.producer.producer.AIOKafkaProducer object at 0x000001B9FDAD0EC0>
2025-11-29 13:32:41,326 - [ERROR] - asyncio - Unclosed AIOKafkaProducer
producer: <aiokafka.producer.producer.AIOKafkaProducer object at 0x0000026E2ED90EC0>
2025-11-29 13:32:43,640 - [ERROR] - asyncio - Unclosed AIOKafkaProducer
producer: <aiokafka.producer.producer.AIOKafkaProducer object at 0x000002822772CEC0>
2025-11-29 13:32:50,096 - [ERROR] - asyncio - Unclosed AIOKafkaProducer
producer: <aiokafka.producer.producer.AIOKafkaProducer object at 0x000001C0DA480EC0>
2025-11-29 13:33:03,451 - [ERROR] - asyncio - Unclosed AIOKafkaProducer
producer: <aiokafka.producer.producer.AIOKafkaProducer object at 0x0000026CC3620EC0>
2025-11-29 13:33:06,394 - [ERROR] - asyncio - Unclosed AIOKafkaProducer
producer: <aiokafka.producer.producer.AIOKafkaProducer object at 0x000002622C1D0EC0>
2025-11-29 13:34:27,004 - [ERROR] - asyncio - Unclosed AIOKafkaProducer
producer: <aiokafka.producer.producer.AIOKafkaProducer object at 0x0000028A0FDE0EC0>
2025-11-29 13:34:39,957 - [ERROR] - asyncio - Unclosed AIOKafkaProducer
producer: <aiokafka.producer.producer.AIOKafkaProducer object at 0x0000028CED52CEC0>
2025-11-29 13:34:44,848 - [ERROR] - asyncio - Unclosed AIOKafkaProducer
producer: <aiokafka.producer.producer.AIOKafkaProducer object at 0x000002D567E6CEC0>
2025-11-29 13:35:02,739 - [ERROR] - asyncio - Unclosed AIOKafkaProducer
producer: <aiokafka.producer.producer.AIOKafkaProducer object at 0x0000023525A2CEC0>
2025-11-29 13:35:06,290 - [ERROR] - asyncio - Unclosed AIOKafkaProducer
producer: <aiokafka.producer.producer.AIOKafkaProducer object at 0x000001B07581F4D0>
2025-11-29 13:35:13,680 - [ERROR] - asyncio - Unclosed AIOKafkaProducer
producer: <aiokafka.producer.producer.AIOKafkaProducer object at 0x000001D17FB9ABA0>
2025-11-29 13:35:27,013 - [ERROR] - asyncio - Unclosed AIOKafkaProducer
producer: <aiokafka.producer.producer.AIOKafkaProducer object at 0x0000025BA7D7ABA0>
2025-11-29 13:35:56,182 - [ERROR] - asyncio - Unclosed AIOKafkaProducer
producer: <aiokafka.producer.producer.AIOKafkaProducer object at 0x00000179B1588EC0>
2025-11-29 13:36:02,916 - [ERROR] - asyncio - Unclosed AIOKafkaProducer
producer: <aiokafka.producer.producer.AIOKafkaProducer object at 0x000001CBC2143A10>
2025-11-29 13:36:23,795 - [ERROR] - email_service - Brevo send failed, attempting SMTP fallback: 'EmailService' object has no attribute '_http_sess'
Traceback (most recent call last):
  File "C:\Users\ADMIN\MyProjects\spectuel\backend\src\services\email_service.py", line 34, in send_email
    await self._send_via_brevo(recipient, subject, body)
  File "C:\Users\ADMIN\MyProjects\spectuel\backend\src\services\email_service.py", line 59, in _send_via_brevo
    if self._http_sess is None or self._http_sess.closed:
       ^^^^^^^^^^^^^^^
AttributeError: 'EmailService' object has no attribute '_http_sess'
2025-11-29 13:37:05,344 - [ERROR] - asyncio - Unclosed AIOKafkaProducer
producer: <aiokafka.producer.producer.AIOKafkaProducer object at 0x0000025CC1D93B60>
2025-11-29 13:37:08,821 - [ERROR] - asyncio - Unclosed AIOKafkaProducer
producer: <aiokafka.producer.producer.AIOKafkaProducer object at 0x000001B9B40D3A10>
2025-11-29 13:37:11,803 - [ERROR] - asyncio - Unclosed AIOKafkaProducer
producer: <aiokafka.producer.producer.AIOKafkaProducer object at 0x000001D223E83A10>
2025-11-29 13:37:27,853 - [ERROR] - asyncio - Unclosed AIOKafkaProducer
producer: <aiokafka.producer.producer.AIOKafkaProducer object at 0x000001B768AD3A10>
2025-11-29 13:37:30,631 - [ERROR] - asyncio - Unclosed AIOKafkaProducer
producer: <aiokafka.producer.producer.AIOKafkaProducer object at 0x000001FAE1813A10>
2025-11-29 13:37:40,775 - [ERROR] - asyncio - Unclosed AIOKafkaProducer
producer: <aiokafka.producer.producer.AIOKafkaProducer object at 0x000002172A923A10>
2025-11-29 13:37:42,938 - [ERROR] - asyncio - Unclosed AIOKafkaProducer
producer: <aiokafka.producer.producer.AIOKafkaProducer object at 0x000001993BEC3A10>
2025-11-29 13:37:44,885 - [ERROR] - asyncio - Unclosed client session
client_session: <aiohttp.client.ClientSession object at 0x00000216AA186FD0>
2025-11-29 13:37:44,886 - [ERROR] - asyncio - Unclosed client session
client_session: <aiohttp.client.ClientSession object at 0x00000216AA0F2CF0>
2025-11-29 13:37:44,886 - [ERROR] - asyncio - Unclosed AIOKafkaProducer
producer: <aiokafka.producer.producer.AIOKafkaProducer object at 0x00000216AA27C1A0>
2025-11-29 13:38:30,121 - [INFO] - email_service - Email sent via Brevo to yipove6068@docsfy.com
2025-11-29 13:41:14,602 - [ERROR] - asyncio - Unclosed AIOKafkaProducer
producer: <aiokafka.producer.producer.AIOKafkaProducer object at 0x00000186EBB701A0>
2025-11-29 13:41:14,604 - [ERROR] - asyncio - Unclosed client session
client_session: <aiohttp.client.ClientSession object at 0x00000186EBA76E90>
2025-11-29 13:41:14,605 - [ERROR] - asyncio - Unclosed client session
client_session: <aiohttp.client.ClientSession object at 0x00000186EB9E2CF0>
2025-11-29 13:41:19,141 - [ERROR] - asyncio - Unclosed client session
client_session: <aiohttp.client.ClientSession object at 0x000002A872DE6E90>
2025-11-29 13:41:19,141 - [ERROR] - asyncio - Unclosed client session
client_session: <aiohttp.client.ClientSession object at 0x000002A872D52CF0>
2025-11-29 13:41:19,142 - [ERROR] - asyncio - Unclosed AIOKafkaProducer
producer: <aiokafka.producer.producer.AIOKafkaProducer object at 0x000002A872EDC1A0>
2025-11-29 13:41:24,077 - [ERROR] - asyncio - Unclosed client session
client_session: <aiohttp.client.ClientSession object at 0x0000013F3FB76E90>
2025-11-29 13:41:24,078 - [ERROR] - asyncio - Unclosed client session
client_session: <aiohttp.client.ClientSession object at 0x0000013F3FAE2CF0>
2025-11-29 13:41:24,079 - [ERROR] - asyncio - Unclosed AIOKafkaProducer
producer: <aiokafka.producer.producer.AIOKafkaProducer object at 0x0000013F3FC701A0>
2025-11-29 13:41:26,093 - [ERROR] - asyncio - Unclosed client session
client_session: <aiohttp.client.ClientSession object at 0x0000025029906E90>
2025-11-29 13:41:26,094 - [ERROR] - asyncio - Unclosed client session
client_session: <aiohttp.client.ClientSession object at 0x0000025029872CF0>
2025-11-29 13:41:26,094 - [ERROR] - asyncio - Unclosed AIOKafkaProducer
producer: <aiokafka.producer.producer.AIOKafkaProducer object at 0x00000250299FC1A0>
2025-11-29 13:41:39,100 - [ERROR] - asyncio - Unclosed client session
client_session: <aiohttp.client.ClientSession object at 0x000001CDA2B26E90>
2025-11-29 13:41:39,134 - [ERROR] - asyncio - Unclosed client session
client_session: <aiohttp.client.ClientSession object at 0x000001CDA2A92CF0>
2025-11-29 13:41:39,134 - [ERROR] - asyncio - Unclosed AIOKafkaProducer
producer: <aiokafka.producer.producer.AIOKafkaProducer object at 0x000001CDA2C1C1A0>
2025-11-29 13:41:59,075 - [ERROR] - asyncio - Unclosed client session
client_session: <aiohttp.client.ClientSession object at 0x000002A55EF06E90>
2025-11-29 13:41:59,076 - [ERROR] - asyncio - Unclosed client session
client_session: <aiohttp.client.ClientSession object at 0x000002A55EE72CF0>
2025-11-29 13:41:59,076 - [ERROR] - asyncio - Unclosed AIOKafkaProducer
producer: <aiokafka.producer.producer.AIOKafkaProducer object at 0x000002A55EFFC1A0>
2025-11-29 13:42:04,428 - [ERROR] - asyncio - Unclosed client session
client_session: <aiohttp.client.ClientSession object at 0x0000025A390F6FD0>
2025-11-29 13:42:04,429 - [ERROR] - asyncio - Unclosed client session
client_session: <aiohttp.client.ClientSession object at 0x0000025A39062CF0>
2025-11-29 13:42:04,430 - [ERROR] - asyncio - Unclosed AIOKafkaProducer
producer: <aiokafka.producer.producer.AIOKafkaProducer object at 0x0000025A391EC1A0>
2025-11-29 13:42:22,860 - [ERROR] - asyncio - Unclosed AIOKafkaProducer
producer: <aiokafka.producer.producer.AIOKafkaProducer object at 0x0000028211133A10>
2025-11-29 13:55:22,452 - [ERROR] - asyncio - Unclosed AIOKafkaProducer
producer: <aiokafka.producer.producer.AIOKafkaProducer object at 0x0000018E39F27A10>
